0 info it worked if it ends with ok
1 verbose cli [ '/Users/wulunyi/.nvm/versions/node/v6.2.0/bin/node',
1 verbose cli   '/Users/wulunyi/.nvm/versions/node/v6.2.0/lib/node_modules/cnpm/node_modules/.bin/npm',
1 verbose cli   '--userconfig=/Users/wulunyi/.cnpmrc',
1 verbose cli   '--disturl=https://npm.taobao.org/mirrors/node',
1 verbose cli   '--registry=http://localhost:7001/',
1 verbose cli   'publish' ]
2 info using npm@3.10.10
3 info using node@v6.2.0
4 verbose publish [ '.' ]
5 silly cache add args [ '.', null ]
6 verbose cache add spec .
7 silly cache add parsed spec Result {
7 silly cache add   raw: '.',
7 silly cache add   scope: null,
7 silly cache add   escapedName: null,
7 silly cache add   name: null,
7 silly cache add   rawSpec: '.',
7 silly cache add   spec: '/Users/wulunyi/workplace/privateWorkplace/preViewImg',
7 silly cache add   type: 'directory' }
8 verbose addLocalDirectory /Users/wulunyi/.npm/previewimg/1.0.6/package.tgz not in flight; packing
9 verbose correctMkdir /Users/wulunyi/.npm correctMkdir not in flight; initializing
10 info lifecycle previewimg@1.0.6~prepublish: previewimg@1.0.6
11 silly lifecycle previewimg@1.0.6~prepublish: no script for prepublish, continuing
12 verbose tar pack [ '/Users/wulunyi/.npm/previewimg/1.0.6/package.tgz',
12 verbose tar pack   '/Users/wulunyi/workplace/privateWorkplace/preViewImg' ]
13 verbose tarball /Users/wulunyi/.npm/previewimg/1.0.6/package.tgz
14 verbose folder /Users/wulunyi/workplace/privateWorkplace/preViewImg
15 verbose addLocalTarball adding from inside cache /Users/wulunyi/.npm/previewimg/1.0.6/package.tgz
16 verbose correctMkdir /Users/wulunyi/.npm correctMkdir not in flight; initializing
17 silly cache afterAdd previewimg@1.0.6
18 verbose afterAdd /Users/wulunyi/.npm/previewimg/1.0.6/package/package.json not in flight; writing
19 verbose correctMkdir /Users/wulunyi/.npm correctMkdir not in flight; initializing
20 verbose afterAdd /Users/wulunyi/.npm/previewimg/1.0.6/package/package.json written
21 silly publish { name: 'previewimg',
21 silly publish   version: '1.0.6',
21 silly publish   description: '## 功能 提供类QQ和微信的图片预览功能，可对一组图片进行滑动并预览; 支持放大，缩小，移动，最大放大倍数为4；双击为2倍放大',
21 silly publish   main: 'lib/index.bundle.js',
21 silly publish   directories: { test: 'test' },
21 silly publish   scripts:
21 silly publish    { test: 'echo "Error: no test specified" && exit 1',
21 silly publish      mocha: 'mocha --compilers js:babel-core/register -r jsdom-global/register' },
21 silly publish   author: { name: 'wulunyi' },
21 silly publish   license: 'ISC',
21 silly publish   devDependencies:
21 silly publish    { 'babel-core': '^6.17.0',
21 silly publish      'babel-eslint': '^7.0.0',
21 silly publish      'babel-loader': '^6.2.5',
21 silly publish      'babel-preset-es2015': '^6.16.0',
21 silly publish      'css-loader': '^0.25.0',
21 silly publish      eslint: '^3.7.1',
21 silly publish      'eslint-loader': '^1.5.0',
21 silly publish      hammerjs: '^2.0.8',
21 silly publish      'html-webpack-plugin': '^2.22.0',
21 silly publish      'node-sass': '^3.10.1',
21 silly publish      path: '^0.12.7',
21 silly publish      'sass-loader': '^4.0.2',
21 silly publish      'style-loader': '^0.13.1',
21 silly publish      webpack: '^1.13.2',
21 silly publish      'webpack-dev-server': '^1.16.1' },
21 silly publish   dependencies:
21 silly publish    { 'babel-core': '^6.18.2',
21 silly publish      'babel-preset-es2015': '^6.18.0',
21 silly publish      chai: '^3.5.0',
21 silly publish      jsdom: '^9.8.3',
21 silly publish      'jsdom-global': '^2.1.0',
21 silly publish      'mocha-jsdom': '^1.1.0',
21 silly publish      previewimg: '^1.0.4' },
21 silly publish   readme: '# 图片预览组件\n\n## 功能\n提供类QQ和微信的图片预览功能，可对一组图片进行滑动并预览;\n支持放大，缩小，移动，最大放大倍数为4；双击为2倍放大\n\n## 依赖库\n＋ hammerjs\n\n## API\n\n### show(srcs,[index]);\nsrcs: 单个图片地址或多个地址数组\nindex: 当前展示图片的下标，默认为零\n注：不传参数表示显示上一次的数据\n\n### hide\n参数无控制组件的隐藏\n\n## 安装使用\n```shell\nnpm install previewimg -D\n```\n\n```javascript\nvar preViewImg = require(\'previewimg\');\npreViewImg.show(\'....jpg\',0);\npreViewImg.hide();\npreViewImg.show();\n```',
21 silly publish   readmeFilename: 'README.md',
21 silly publish   gitHead: 'c0aedfcf388c3a79bf354c3f49c58dac6525ee7e',
21 silly publish   _id: 'previewimg@1.0.6',
21 silly publish   _shasum: '28b06f78868b17ef2e69d93dc3d858ac8b617c8f',
21 silly publish   _from: '.' }
22 verbose getPublishConfig undefined
23 silly mapToRegistry name previewimg
24 silly mapToRegistry using default registry
25 silly mapToRegistry registry http://localhost:7001/
26 silly mapToRegistry data Result {
26 silly mapToRegistry   raw: 'previewimg',
26 silly mapToRegistry   scope: null,
26 silly mapToRegistry   escapedName: 'previewimg',
26 silly mapToRegistry   name: 'previewimg',
26 silly mapToRegistry   rawSpec: '',
26 silly mapToRegistry   spec: 'latest',
26 silly mapToRegistry   type: 'tag' }
27 silly mapToRegistry uri http://localhost:7001/previewimg
28 verbose publish registryBase http://localhost:7001/
29 silly publish uploading /Users/wulunyi/.npm/previewimg/1.0.6/package.tgz
30 verbose request uri http://localhost:7001/previewimg
31 verbose request sending authorization for write operation
32 info attempt registry request try #1 at 11:49:49
33 verbose request id 50a1145535a6d46b
34 http request PUT http://localhost:7001/previewimg
35 http 403 http://localhost:7001/previewimg
36 verbose headers { 'x-current-requests': '1',
36 verbose headers   'content-type': 'application/json; charset=utf-8',
36 verbose headers   'x-readtime': '8',
36 verbose headers   'content-length': '93',
36 verbose headers   date: 'Mon, 26 Dec 2016 03:49:49 GMT',
36 verbose headers   connection: 'keep-alive' }
37 verbose request invalidating /Users/wulunyi/.npm/localhost_7001/previewimg on PUT
38 error publish Failed PUT 403
39 verbose stack Error: no_perms only allow publish with @cnpm, @cnpmtest, @cnpm-test scope(s): previewimg
39 verbose stack     at makeError (/Users/wulunyi/.nvm/versions/node/v6.2.0/lib/node_modules/cnpm/node_modules/npm/node_modules/npm-registry-client/lib/request.js:302:12)
39 verbose stack     at CachingRegistryClient.<anonymous> (/Users/wulunyi/.nvm/versions/node/v6.2.0/lib/node_modules/cnpm/node_modules/npm/node_modules/npm-registry-client/lib/request.js:290:14)
39 verbose stack     at Request._callback (/Users/wulunyi/.nvm/versions/node/v6.2.0/lib/node_modules/cnpm/node_modules/npm/node_modules/npm-registry-client/lib/request.js:210:14)
39 verbose stack     at Request.self.callback (/Users/wulunyi/.nvm/versions/node/v6.2.0/lib/node_modules/cnpm/node_modules/npm/node_modules/request/request.js:187:22)
39 verbose stack     at emitTwo (events.js:106:13)
39 verbose stack     at Request.emit (events.js:191:7)
39 verbose stack     at Request.<anonymous> (/Users/wulunyi/.nvm/versions/node/v6.2.0/lib/node_modules/cnpm/node_modules/npm/node_modules/request/request.js:1048:10)
39 verbose stack     at emitOne (events.js:96:13)
39 verbose stack     at Request.emit (events.js:188:7)
39 verbose stack     at IncomingMessage.<anonymous> (/Users/wulunyi/.nvm/versions/node/v6.2.0/lib/node_modules/cnpm/node_modules/npm/node_modules/request/request.js:969:12)
40 verbose statusCode 403
41 verbose pkgid previewimg
42 verbose cwd /Users/wulunyi/workplace/privateWorkplace/preViewImg
43 error Darwin 15.6.0
44 error argv "/Users/wulunyi/.nvm/versions/node/v6.2.0/bin/node" "/Users/wulunyi/.nvm/versions/node/v6.2.0/lib/node_modules/cnpm/node_modules/.bin/npm" "--userconfig=/Users/wulunyi/.cnpmrc" "--disturl=https://npm.taobao.org/mirrors/node" "--registry=http://localhost:7001/" "publish"
45 error node v6.2.0
46 error npm  v3.10.10
47 error code E403
48 error no_perms only allow publish with @cnpm, @cnpmtest, @cnpm-test scope(s): previewimg
49 error If you need help, you may report this error at:
49 error     <https://github.com/npm/npm/issues>
50 verbose exit [ 1, true ]
